<?xml version="1.0" encoding="UTF-8"?>
<!-- Generated by org.testng.reporters.JUnitReportReporter -->
<testsuite hostname="Tarakeshs-MacBook-Pro-2.local" name="com.sfdc.com.AutomationDemo.TestClass" tests="8" failures="0" timestamp="28 Sep 2015 04:57:05 GMT" time="64.566" errors="0">
  <testcase name="testExcelDataRetrieval" time="0.018" classname="com.sfdc.com.AutomationDemo.TestClass"/>
  <testcase name="testExcelDataRetrieval" time="0.412" classname="com.sfdc.com.AutomationDemo.TestClass"/>
  <testcase name="testExcelDataRetrieval" time="0.401" classname="com.sfdc.com.AutomationDemo.TestClass"/>
  <testcase name="testExcelDataRetrieval" time="0.415" classname="com.sfdc.com.AutomationDemo.TestClass"/>
  <testcase name="testExcelDataRetrieval" time="0.018" classname="com.sfdc.com.AutomationDemo.TestClass"/>
  <testcase name="testLeadPage" time="51.643" classname="com.sfdc.com.AutomationDemo.TestClass"/>
  <testcase name="testExcelDataRetrieval" time="0.028" classname="com.sfdc.com.AutomationDemo.TestClass"/>
  <testcase name="openSFDC" time="11.631" classname="com.sfdc.com.AutomationDemo.TestClass"/>
</testsuite>
