<?xml version="1.0" encoding="UTF-8"?>
<!-- Generated by org.testng.reporters.JUnitReportReporter -->
<testsuite hostname="Tarakeshs-MacBook-Pro-3.local" name="com.sfdc.com.AutomationDemo.SFDCValidation" tests="1" failures="0" timestamp="21 Sep 2015 01:44:40 GMT" time="16.315" errors="0">
  <testcase name="testLogin" time="16.315" classname="com.sfdc.com.AutomationDemo.SFDCValidation"/>
</testsuite>
